<?xml version="1.0" encoding="UTF-8"?>
<!-- Generated by org.testng.reporters.JUnitReportReporter -->
<testsuite skipped="4" hostname="LAPTOP-IIKUET1Q" name="com.selenium.basic.TestNG.CreateCustomerTestUsingTestnG" tests="5" failures="0" timestamp="2020-08-03T09:58:43 EDT" time="-1596463104.000" errors="1">
  <testcase name="createCustomerTest" time="0.000" classname="com.selenium.basic.TestNG.CreateCustomerTestUsingTestnG">
    <skipped/>
  </testcase> <!-- createCustomerTest -->
  <system-out/>
  <testcase name="createCustomerTest" time="0.000" classname="com.selenium.basic.TestNG.CreateCustomerTestUsingTestnG">
    <skipped/>
  </testcase> <!-- createCustomerTest -->
  <system-out/>
  <testcase name="createCustomerTest" time="0.000" classname="com.selenium.basic.TestNG.CreateCustomerTestUsingTestnG">
    <skipped/>
  </testcase> <!-- createCustomerTest -->
  <system-out/>
  <testcase name="launch" time="-1596463104.000" classname="com.selenium.basic.TestNG.CreateCustomerTestUsingTestnG">
    <error type="org.testng.TestNGException" message="
Parameter &#039;un&#039; is required by BeforeMethod on method launch but has not been marked @Optional or defined
in C:\Users\Sheetal\AppData\Local\Temp\testng-eclipse-740345379\testng-customsuite.xml">
      <![CDATA[org.testng.TestNGException: 
Parameter 'un' is required by BeforeMethod on method launch but has not been marked @Optional or defined
in C:\Users\Sheetal\AppData\Local\Temp\testng-eclipse-740345379\testng-customsuite.xml
at org.testng.internal.Parameters.createParams(Parameters.java:268)
at org.testng.internal.Parameters.createParametersForMethod(Parameters.java:356)
at org.testng.internal.Parameters.createParameters(Parameters.java:700)
at org.testng.internal.Parameters.createConfigurationParameters(Parameters.java:166)
at org.testng.internal.ConfigInvoker.invokeConfigurations(ConfigInvoker.java:299)
at org.testng.internal.TestInvoker.runConfigMethods(TestInvoker.java:700)
at org.testng.internal.TestInvoker.invokeMethod(TestInvoker.java:527)
at org.testng.internal.TestInvoker.invokeTestMethod(TestInvoker.java:174)
at org.testng.internal.MethodRunner.runInSequence(MethodRunner.java:46)
at org.testng.internal.TestInvoker$MethodInvocationAgent.invoke(TestInvoker.java:821)
at org.testng.internal.TestInvoker.invokeTestMethods(TestInvoker.java:147)
at org.testng.internal.TestMethodWorker.invokeTestMethods(TestMethodWorker.java:146)
at org.testng.internal.TestMethodWorker.run(TestMethodWorker.java:128)
at java.util.ArrayList.forEach(ArrayList.java:1257)
at org.testng.TestRunner.privateRun(TestRunner.java:767)
at org.testng.TestRunner.run(TestRunner.java:588)
at org.testng.SuiteRunner.runTest(SuiteRunner.java:384)
at org.testng.SuiteRunner.runSequentially(SuiteRunner.java:378)
at org.testng.SuiteRunner.privateRun(SuiteRunner.java:337)
at org.testng.SuiteRunner.run(SuiteRunner.java:286)
at org.testng.SuiteRunnerWorker.runSuite(SuiteRunnerWorker.java:53)
at org.testng.SuiteRunnerWorker.run(SuiteRunnerWorker.java:96)
at org.testng.TestNG.runSuitesSequentially(TestNG.java:1214)
at org.testng.TestNG.runSuitesLocally(TestNG.java:1136)
at org.testng.TestNG.runSuites(TestNG.java:1066)
at org.testng.TestNG.run(TestNG.java:1034)
at org.testng.remote.AbstractRemoteTestNG.run(AbstractRemoteTestNG.java:115)
at org.testng.remote.RemoteTestNG.initAndRun(RemoteTestNG.java:251)
at org.testng.remote.RemoteTestNG.main(RemoteTestNG.java:77)
]]>
    </error>
  </testcase> <!-- launch -->
  <system-out/>
  <testcase name="createProjectTest" time="0.000" classname="com.selenium.basic.TestNG.CreateCustomerTestUsingTestnG">
    <skipped/>
  </testcase> <!-- createProjectTest -->
  <system-out/>
</testsuite> <!-- com.selenium.basic.TestNG.CreateCustomerTestUsingTestnG -->
